configure.local: no (fully automatic configuration)

dirent-namlen: testing...
cc -g -W -Wall -Wmissing-prototypes -Wstrict-prototypes -Wwrite-strings -Wno-unused-parameter -Wno-unused -Werror -o test-dirent-namlen test-dirent-namlen.c 
dirent-namlen: cc succeeded
dirent-namlen: yes

be32toh: testing...
cc -g -W -Wall -Wmissing-prototypes -Wstrict-prototypes -Wwrite-strings -Wno-unused-parameter -Wno-unused -Werror -o test-be32toh test-be32toh.c 
./test-be32toh.c:4:10: fatal error: 'endian.h' file not found
#include <endian.h>
         ^
1 error generated.
be32toh: cc failed with 1

be32toh-DSYS_ENDIAN: testing...
cc -g -W -Wall -Wmissing-prototypes -Wstrict-prototypes -Wwrite-strings -Wno-unused-parameter -Wno-unused -Werror -o test-be32toh test-be32toh.c -DSYS_ENDIAN
be32toh-DSYS_ENDIAN: cc succeeded
be32toh-DSYS_ENDIAN: yes

EFTYPE: testing...
cc -g -W -Wall -Wmissing-prototypes -Wstrict-prototypes -Wwrite-strings -Wno-unused-parameter -Wno-unused -Werror -o test-EFTYPE test-EFTYPE.c 
EFTYPE: cc succeeded
EFTYPE: yes

err: testing...
cc -g -W -Wall -Wmissing-prototypes -Wstrict-prototypes -Wwrite-strings -Wno-unused-parameter -Wno-unused -Werror -o test-err test-err.c 
err: cc succeeded
test-err: 1. warnx
test-err: 2. warn: No error: 0
test-err: 3. err: No error: 0
err: yes

getline: testing...
cc -g -W -Wall -Wmissing-prototypes -Wstrict-prototypes -Wwrite-strings -Wno-unused-parameter -Wno-unused -Werror -o test-getline test-getline.c 
./test-getline.c:12:9: error: implicit declaration of function 'getline' is invalid in C99 [-Werror,-Wimplicit-function-declaration]
        return getline(&line, &linesz, stdin) != -1;
               ^
1 error generated.
getline: cc failed with 1

getsubopt: testing...
cc -g -W -Wall -Wmissing-prototypes -Wstrict-prototypes -Wwrite-strings -Wno-unused-parameter -Wno-unused -Werror -o test-getsubopt test-getsubopt.c 
getsubopt: cc succeeded
getsubopt: yes

isblank: testing...
cc -g -W -Wall -Wmissing-prototypes -Wstrict-prototypes -Wwrite-strings -Wno-unused-parameter -Wno-unused -Werror -o test-isblank test-isblank.c 
isblank: cc succeeded
isblank: yes

mkdtemp: testing...
cc -g -W -Wall -Wmissing-prototypes -Wstrict-prototypes -Wwrite-strings -Wno-unused-parameter -Wno-unused -Werror -o test-mkdtemp test-mkdtemp.c 
mkdtemp: cc succeeded
mkdtemp: yes

ntohl: testing...
cc -g -W -Wall -Wmissing-prototypes -Wstrict-prototypes -Wwrite-strings -Wno-unused-parameter -Wno-unused -Werror -o test-ntohl test-ntohl.c 
ntohl: cc succeeded
ntohl: yes

O_DIRECTORY: testing...
cc -g -W -Wall -Wmissing-prototypes -Wstrict-prototypes -Wwrite-strings -Wno-unused-parameter -Wno-unused -Werror -o test-O_DIRECTORY test-O_DIRECTORY.c 
O_DIRECTORY: cc succeeded
O_DIRECTORY: yes

PATH_MAX: testing...
cc -g -W -Wall -Wmissing-prototypes -Wstrict-prototypes -Wwrite-strings -Wno-unused-parameter -Wno-unused -Werror -o test-PATH_MAX test-PATH_MAX.c 
PATH_MAX: cc succeeded
PATH_MAX is defined to be 1024
PATH_MAX: yes

pledge: testing...
cc -g -W -Wall -Wmissing-prototypes -Wstrict-prototypes -Wwrite-strings -Wno-unused-parameter -Wno-unused -Werror -o test-pledge test-pledge.c 
./test-pledge.c:6:11: error: implicit declaration of function 'pledge' is invalid in C99 [-Werror,-Wimplicit-function-declaration]
        return !!pledge("stdio", NULL);
                 ^
1 error generated.
pledge: cc failed with 1

sandbox_init: testing...
cc -g -W -Wall -Wmissing-prototypes -Wstrict-prototypes -Wwrite-strings -Wno-unused-parameter -Wno-unused -Werror -o test-sandbox_init test-sandbox_init.c 
./test-sandbox_init.c:1:10: fatal error: 'sandbox.h' file not found
#include <sandbox.h>
         ^
1 error generated.
sandbox_init: cc failed with 1

progname: testing...
cc -g -W -Wall -Wmissing-prototypes -Wstrict-prototypes -Wwrite-strings -Wno-unused-parameter -Wno-unused -Werror -o test-progname test-progname.c 
progname: cc succeeded
progname: yes

reallocarray: testing...
cc -g -W -Wall -Wmissing-prototypes -Wstrict-prototypes -Wwrite-strings -Wno-unused-parameter -Wno-unused -Werror -o test-reallocarray test-reallocarray.c 
reallocarray: cc succeeded
reallocarray: yes

recallocarray: testing...
cc -g -W -Wall -Wmissing-prototypes -Wstrict-prototypes -Wwrite-strings -Wno-unused-parameter -Wno-unused -Werror -o test-recallocarray test-recallocarray.c 
./test-recallocarray.c:10:10: error: implicit declaration of function 'recallocarray' is invalid in C99 [-Werror,-Wimplicit-function-declaration]
        return !recallocarray(p, 2, 3, 2);
                ^
./test-recallocarray.c:10:10: note: did you mean 'reallocarray'?
/usr/include/stdlib.h:107:10: note: 'reallocarray' declared here
void    *reallocarray(void *, size_t, size_t);
         ^
1 error generated.
recallocarray: cc failed with 1

rewb-bsd: testing...
cc -g -W -Wall -Wmissing-prototypes -Wstrict-prototypes -Wwrite-strings -Wno-unused-parameter -Wno-unused -Werror -o test-rewb-bsd test-rewb-bsd.c 
rewb-bsd: cc succeeded
rewb-bsd: yes

rewb-sysv: testing...
cc -g -W -Wall -Wmissing-prototypes -Wstrict-prototypes -Wwrite-strings -Wno-unused-parameter -Wno-unused -Werror -o test-rewb-sysv test-rewb-sysv.c 
rewb-sysv: cc succeeded
rewb-sysv: execution failed with 2

strcasestr: testing...
cc -g -W -Wall -Wmissing-prototypes -Wstrict-prototypes -Wwrite-strings -Wno-unused-parameter -Wno-unused -Werror -o test-strcasestr test-strcasestr.c 
strcasestr: cc succeeded
strcasestr: yes

stringlist: testing...
cc -g -W -Wall -Wmissing-prototypes -Wstrict-prototypes -Wwrite-strings -Wno-unused-parameter -Wno-unused -Werror -o test-stringlist test-stringlist.c 
./test-stringlist.c:26:26: error: use of undeclared identifier 'NULL'
        if ((sl = sl_init()) == NULL)
                                ^
1 error generated.
stringlist: cc failed with 1

strlcat: testing...
cc -g -W -Wall -Wmissing-prototypes -Wstrict-prototypes -Wwrite-strings -Wno-unused-parameter -Wno-unused -Werror -o test-strlcat test-strlcat.c 
strlcat: cc succeeded
strlcat: yes

strlcpy: testing...
cc -g -W -Wall -Wmissing-prototypes -Wstrict-prototypes -Wwrite-strings -Wno-unused-parameter -Wno-unused -Werror -o test-strlcpy test-strlcpy.c 
strlcpy: cc succeeded
strlcpy: yes

strptime: testing...
cc -g -W -Wall -Wmissing-prototypes -Wstrict-prototypes -Wwrite-strings -Wno-unused-parameter -Wno-unused -Werror -o test-strptime test-strptime.c 
strptime: cc succeeded
strptime: yes

strsep: testing...
cc -g -W -Wall -Wmissing-prototypes -Wstrict-prototypes -Wwrite-strings -Wno-unused-parameter -Wno-unused -Werror -o test-strsep test-strsep.c 
strsep: cc succeeded
strsep: yes

strtonum: testing...
cc -g -W -Wall -Wmissing-prototypes -Wstrict-prototypes -Wwrite-strings -Wno-unused-parameter -Wno-unused -Werror -o test-strtonum test-strtonum.c 
strtonum: cc succeeded
strtonum: yes

vasprintf: testing...
cc -g -W -Wall -Wmissing-prototypes -Wstrict-prototypes -Wwrite-strings -Wno-unused-parameter -Wno-unused -Werror -o test-vasprintf test-vasprintf.c 
vasprintf: cc succeeded
vasprintf: yes

fts-DFTS_COMPARE_CONST: testing...
cc -g -W -Wall -Wmissing-prototypes -Wstrict-prototypes -Wwrite-strings -Wno-unused-parameter -Wno-unused -Werror -o test-fts test-fts.c -DFTS_COMPARE_CONST
fts-DFTS_COMPARE_CONST: cc succeeded
fts-DFTS_COMPARE_CONST: yes

UTF8_LOCALE: testing...
UTF8_LOCALE=en_US.UTF-8

wchar-DUTF8_LOCALE="en_US.UTF-8": testing...
cc -g -W -Wall -Wmissing-prototypes -Wstrict-prototypes -Wwrite-strings -Wno-unused-parameter -Wno-unused -Werror -o test-wchar test-wchar.c -DUTF8_LOCALE="en_US.UTF-8"
wchar-DUTF8_LOCALE="en_US.UTF-8": cc succeeded
*wchar-DUTF8_LOCALE="en_US.UTF-8": yes

nanosleep: testing...
cc -g -W -Wall -Wmissing-prototypes -Wstrict-prototypes -Wwrite-strings -Wno-unused-parameter -Wno-unused -Werror -o test-nanosleep test-nanosleep.c 
nanosleep: cc succeeded
nanosleep: yes

ohash: testing...
cc -g -W -Wall -Wmissing-prototypes -Wstrict-prototypes -Wwrite-strings -Wno-unused-parameter -Wno-unused -Werror -o test-ohash test-ohash.c 
./test-ohash.c:34:4: error: no member named 'calloc' in 'struct ohash_info'
        i.calloc = xcalloc;
        ~ ^
./test-ohash.c:35:4: error: no member named 'free' in 'struct ohash_info'; did you mean 'hfree'?
        i.free = xfree;
          ^~~~
          hfree
/usr/include/ohash.h:32:9: note: 'hfree' declared here
        void (*hfree)(void *, size_t, void *);
               ^
./test-ohash.c:35:9: error: incompatible pointer types assigning to 'void (*)(void *, size_t, void *)' from 'void (void *, void *)' [-Werror,-Wincompatible-pointer-types]
        i.free = xfree;
               ^ ~~~~~
3 errors generated.
ohash: cc failed with 1

ohash-lutil: testing...
cc -g -W -Wall -Wmissing-prototypes -Wstrict-prototypes -Wwrite-strings -Wno-unused-parameter -Wno-unused -Werror -o test-ohash test-ohash.c -lutil
./test-ohash.c:34:4: error: no member named 'calloc' in 'struct ohash_info'
        i.calloc = xcalloc;
        ~ ^
./test-ohash.c:35:4: error: no member named 'free' in 'struct ohash_info'; did you mean 'hfree'?
        i.free = xfree;
          ^~~~
          hfree
/usr/include/ohash.h:32:9: note: 'hfree' declared here
        void (*hfree)(void *, size_t, void *);
               ^
./test-ohash.c:35:9: error: incompatible pointer types assigning to 'void (*)(void *, size_t, void *)' from 'void (void *, void *)' [-Werror,-Wincompatible-pointer-types]
        i.free = xfree;
               ^ ~~~~~
3 errors generated.
ohash-lutil: cc failed with 1

LDADD="    -lz"

config.h: written
Makefile.local: written
